Could not find project "scully-nx" in 'angular.json'.
Scully development Server is already started running in a different folder(You can skip this, or any future question by using the --noPrompt flag)

Could not find project "scully-nx" in 'angular.json'.
Scully development Server is already started running in a different folder(You can skip this, or any future question by using the --noPrompt flag)

Could not find project "scully-nx" in 'angular.json'.
Scully development Server is already started running in a different folder(You can skip this, or any future question by using the --noPrompt flag)

Could not find project "scully-nx" in 'angular.json'.
Scully development Server is already started running in a different folder(You can skip this, or any future question by using the --noPrompt flag)

Could not find project "scully-nx" in 'angular.json'.
(You can skip this, or any future question by using the --noPrompt flag)
Could not find project "scully-nx" in 'angular.json'.
Could not find project "scully-nx" in 'angular.json'.
Could not find project "scully-nx" in 'angular.json'.
Could not find project "scully-nx" in 'angular.json'.
Could not find project "scully-nx" in 'angular.json'.
Could not find project "scully-nx" in 'angular.json'.
Could not find project "scully-nx" in 'angular.json'.
Could not find project "scully-nx" in 'angular.json'.
Could not find project "scully-nx" in 'angular.json'.
Could not find project "scully-nx" in 'angular.json'.
Could not find project "scully-nx" in 'angular.json'.
Could not find project "scully-nx" in 'angular.json'.
Could not find project "scully-nx" in 'angular.json'.
Could not find project "scully-nx" in 'angular.json'.
Could not find project "scully-nx" in 'angular.json'.
Could not find project "scully-nx" in 'angular.json'.
Could not find project "scully-nx" in 'angular.json'.
----------------------------------   To discover new routes in the angular app use "npm run scully -- --scanRoutes"----------------------------------Using stored unhandled routes!.



Could not find project "scully-nx" in 'angular.json'.
----------------------------------Using stored unhandled routes!.   To discover new routes in the angular app use "npm run scully -- --scanRoutes"----------------------------------



